# JRE version: OpenJDK Runtime Environment Temurin-17.0.8.1+1 (17.0.8.1+1) (build 17.0.8.1+1)
# Java VM: OpenJDK 64-Bit Server VM Temurin-17.0.8.1+1 (17.0.8.1+1, mixed mode, tiered, compressed oops, compressed class ptrs, parallel gc, windows-amd64)
GC Precious Log:
 CPUs: 2 total, 2 available
 Memory: 3918M
 Large Page Support: Disabled
 NUMA Support: Disabled
 Compressed Oops: Enabled (32-bit)
 Alignments: Space 512K, Generation 512K, Heap 2M
 Heap Min Capacity: 100M
 Heap Initial Capacity: 100M
 Heap Max Capacity: 1G
 Pre-touch: Disabled
 Parallel Workers: 2
Heap:
 PSYoungGen      total 30720K, used 1799K [0x00000000eab00000, 0x00000000ed100000, 0x0000000100000000)
  eden space 28672K, 0% used [0x00000000eab00000,0x00000000eab24c78,0x00000000ec700000)
  from space 2048K, 80% used [0x00000000ecf00000,0x00000000ed09d028,0x00000000ed100000)
  to   space 2560K, 0% used [0x00000000ecc00000,0x00000000ecc00000,0x00000000ece80000)
 ParOldGen       total 300032K, used 263165K [0x00000000c0000000, 0x00000000d2500000, 0x00000000eab00000)
  object space 300032K, 87% used [0x00000000c0000000,0x00000000d00ff7c0,0x00000000d2500000)
 Metaspace       used 77974K, committed 79168K, reserved 1179648K
  class space    used 8036K, committed 8512K, reserved 1048576K
GC Heap History (20 events):
Event: 170.384 GC heap before
{Heap before GC invocations=161 (full 10):
 PSYoungGen      total 46080K, used 42868K [0x00000000eab00000, 0x00000000ee180000, 0x0000000100000000)
  eden space 41472K, 98% used [0x00000000eab00000,0x00000000ed315258,0x00000000ed380000)
  from space 4608K, 39% used [0x00000000eda00000,0x00000000edbc8000,0x00000000ede80000)
  to   space 2560K, 0% used [0x00000000edf00000,0x00000000edf00000,0x00000000ee180000)
 ParOldGen       total 300032K, used 238556K [0x00000000c0000000, 0x00000000d2500000, 0x00000000eab00000)
  object space 300032K, 79% used [0x00000000c0000000,0x00000000ce8f7018,0x00000000d2500000)
 Metaspace       used 76417K, committed 77632K, reserved 1179648K
  class space    used 7953K, committed 8448K, reserved 1048576K
}
Event: 170.390 GC heap after
{Heap after GC invocations=161 (full 10):
 PSYoungGen      total 43520K, used 2538K [0x00000000eab00000, 0x00000000ee180000, 0x0000000100000000)
  eden space 40960K, 0% used [0x00000000eab00000,0x00000000eab00000,0x00000000ed300000)
  from space 2560K, 99% used [0x00000000edf00000,0x00000000ee17aad0,0x00000000ee180000)
  to   space 3584K, 0% used [0x00000000eda80000,0x00000000eda80000,0x00000000ede00000)
 ParOldGen       total 300032K, used 238953K [0x00000000c0000000, 0x00000000d2500000, 0x00000000eab00000)
  object space 300032K, 79% used [0x00000000c0000000,0x00000000ce95a498,0x00000000d2500000)
 Metaspace       used 76417K, committed 77632K, reserved 1179648K
  class space    used 7953K, committed 8448K, reserved 1048576K
}
Event: 172.295 GC heap before
{Heap before GC invocations=162 (full 10):
 PSYoungGen      total 43520K, used 42753K [0x00000000eab00000, 0x00000000ee180000, 0x0000000100000000)
  eden space 40960K, 98% used [0x00000000eab00000,0x00000000ed245bf0,0x00000000ed300000)
  from space 2560K, 99% used [0x00000000edf00000,0x00000000ee17aad0,0x00000000ee180000)
  to   space 3584K, 0% used [0x00000000eda80000,0x00000000eda80000,0x00000000ede00000)
 ParOldGen       total 300032K, used 238953K [0x00000000c0000000, 0x00000000d2500000, 0x00000000eab00000)
  object space 300032K, 79% used [0x00000000c0000000,0x00000000ce95a498,0x00000000d2500000)
 Metaspace       used 76549K, committed 77696K, reserved 1179648K
  class space    used 7955K, committed 8448K, reserved 1048576K
}
Event: 172.303 GC heap after
{Heap after GC invocations=162 (full 10):
 PSYoungGen      total 44032K, used 3553K [0x00000000eab00000, 0x00000000edf80000, 0x0000000100000000)
  eden space 40448K, 0% used [0x00000000eab00000,0x00000000eab00000,0x00000000ed280000)
  from space 3584K, 99% used [0x00000000eda80000,0x00000000eddf86b8,0x00000000ede00000)
  to   space 1536K, 0% used [0x00000000ede00000,0x00000000ede00000,0x00000000edf80000)
 ParOldGen       total 300032K, used 239576K [0x00000000c0000000, 0x00000000d2500000, 0x00000000eab00000)
  object space 300032K, 79% used [0x00000000c0000000,0x00000000ce9f6168,0x00000000d2500000)
 Metaspace       used 76549K, committed 77696K, reserved 1179648K
  class space    used 7955K, committed 8448K, reserved 1048576K
}
Event: 172.516 GC heap before
{Heap before GC invocations=163 (full 10):
 PSYoungGen      total 44032K, used 44001K [0x00000000eab00000, 0x00000000edf80000, 0x0000000100000000)
  eden space 40448K, 100% used [0x00000000eab00000,0x00000000ed280000,0x00000000ed280000)
  from space 3584K, 99% used [0x00000000eda80000,0x00000000eddf86b8,0x00000000ede00000)
  to   space 1536K, 0% used [0x00000000ede00000,0x00000000ede00000,0x00000000edf80000)
 ParOldGen       total 300032K, used 239576K [0x00000000c0000000, 0x00000000d2500000, 0x00000000eab00000)
  object space 300032K, 79% used [0x00000000c0000000,0x00000000ce9f6168,0x00000000d2500000)
 Metaspace       used 76571K, committed 77760K, reserved 1179648K
  class space    used 7955K, committed 8448K, reserved 1048576K
}
Event: 172.530 GC heap after
{Heap after GC invocations=163 (full 10):
 PSYoungGen      total 41472K, used 1521K [0x00000000eab00000, 0x00000000edf80000, 0x0000000100000000)
  eden space 39936K, 0% used [0x00000000eab00000,0x00000000eab00000,0x00000000ed200000)
  from space 1536K, 99% used [0x00000000ede00000,0x00000000edf7c6a8,0x00000000edf80000)
  to   space 4608K, 0% used [0x00000000ed680000,0x00000000ed680000,0x00000000edb00000)
 ParOldGen       total 300032K, used 242216K [0x00000000c0000000, 0x00000000d2500000, 0x00000000eab00000)
  object space 300032K, 80% used [0x00000000c0000000,0x00000000cec8a168,0x00000000d2500000)
 Metaspace       used 76571K, committed 77760K, reserved 1179648K
  class space    used 7955K, committed 8448K, reserved 1048576K
}
Event: 177.024 GC heap before
{Heap before GC invocations=164 (full 10):
 PSYoungGen      total 41472K, used 41453K [0x00000000eab00000, 0x00000000edf80000, 0x0000000100000000)
  eden space 39936K, 99% used [0x00000000eab00000,0x00000000ed1fed80,0x00000000ed200000)
  from space 1536K, 99% used [0x00000000ede00000,0x00000000edf7c6a8,0x00000000edf80000)
  to   space 4608K, 0% used [0x00000000ed680000,0x00000000ed680000,0x00000000edb00000)
 ParOldGen       total 300032K, used 242216K [0x00000000c0000000, 0x00000000d2500000, 0x00000000eab00000)
  object space 300032K, 80% used [0x00000000c0000000,0x00000000cec8a168,0x00000000d2500000)
 Metaspace       used 76662K, committed 77824K, reserved 1179648K
  class space    used 7957K, committed 8448K, reserved 1048576K
}
Event: 177.032 GC heap after
{Heap after GC invocations=164 (full 10):
 PSYoungGen      total 44032K, used 2369K [0x00000000eab00000, 0x00000000ede80000, 0x0000000100000000)
  eden space 39424K, 0% used [0x00000000eab00000,0x00000000eab00000,0x00000000ed180000)
  from space 4608K, 51% used [0x00000000ed680000,0x00000000ed8d06b8,0x00000000edb00000)
  to   space 3072K, 0% used [0x00000000edb80000,0x00000000edb80000,0x00000000ede80000)
 ParOldGen       total 300032K, used 242328K [0x00000000c0000000, 0x00000000d2500000, 0x00000000eab00000)
  object space 300032K, 80% used [0x00000000c0000000,0x00000000ceca6168,0x00000000d2500000)
 Metaspace       used 76662K, committed 77824K, reserved 1179648K
  class space    used 7957K, committed 8448K, reserved 1048576K
}
Event: 223.783 GC heap before
{Heap before GC invocations=165 (full 10):
 PSYoungGen      total 44032K, used 41699K [0x00000000eab00000, 0x00000000ede80000, 0x0000000100000000)
  eden space 39424K, 99% used [0x00000000eab00000,0x00000000ed168778,0x00000000ed180000)
  from space 4608K, 51% used [0x00000000ed680000,0x00000000ed8d06b8,0x00000000edb00000)
  to   space 3072K, 0% used [0x00000000edb80000,0x00000000edb80000,0x00000000ede80000)
 ParOldGen       total 300032K, used 242328K [0x00000000c0000000, 0x00000000d2500000, 0x00000000eab00000)
  object space 300032K, 80% used [0x00000000c0000000,0x00000000ceca6168,0x00000000d2500000)
 Metaspace       used 76936K, committed 78144K, reserved 1179648K
  class space    used 7960K, committed 8448K, reserved 1048576K
}
Event: 223.804 GC heap after
{Heap after GC invocations=165 (full 10):
 PSYoungGen      total 38400K, used 3042K [0x00000000eab00000, 0x00000000eed00000, 0x0000000100000000)
  eden space 35328K, 0% used [0x00000000eab00000,0x00000000eab00000,0x00000000ecd80000)
  from space 3072K, 99% used [0x00000000edb80000,0x00000000ede78858,0x00000000ede80000)
  to   space 14336K, 0% used [0x00000000ecd80000,0x00000000ecd80000,0x00000000edb80000)
 ParOldGen       total 300032K, used 251634K [0x00000000c0000000, 0x00000000d2500000, 0x00000000eab00000)
  object space 300032K, 83% used [0x00000000c0000000,0x00000000cf5bc9d8,0x00000000d2500000)
 Metaspace       used 76936K, committed 78144K, reserved 1179648K
  class space    used 7960K, committed 8448K, reserved 1048576K
}
Event: 232.323 GC heap before
{Heap before GC invocations=166 (full 10):
 PSYoungGen      total 38400K, used 38370K [0x00000000eab00000, 0x00000000eed00000, 0x0000000100000000)
  eden space 35328K, 100% used [0x00000000eab00000,0x00000000ecd80000,0x00000000ecd80000)
  from space 3072K, 99% used [0x00000000edb80000,0x00000000ede78858,0x00000000ede80000)
  to   space 14336K, 0% used [0x00000000ecd80000,0x00000000ecd80000,0x00000000edb80000)
 ParOldGen       total 300032K, used 251634K [0x00000000c0000000, 0x00000000d2500000, 0x00000000eab00000)
  object space 300032K, 83% used [0x00000000c0000000,0x00000000cf5bc9d8,0x00000000d2500000)
 Metaspace       used 77487K, committed 78656K, reserved 1179648K
  class space    used 8035K, committed 8512K, reserved 1048576K
}
Event: 232.332 GC heap after
{Heap after GC invocations=166 (full 10):
 PSYoungGen      total 37888K, used 2692K [0x00000000eab00000, 0x00000000edc00000, 0x0000000100000000)
  eden space 34816K, 0% used [0x00000000eab00000,0x00000000eab00000,0x00000000ecd00000)
  from space 3072K, 87% used [0x00000000ecd80000,0x00000000ed021038,0x00000000ed080000)
  to   space 6656K, 0% used [0x00000000ed580000,0x00000000ed580000,0x00000000edc00000)
 ParOldGen       total 300032K, used 252769K [0x00000000c0000000, 0x00000000d2500000, 0x00000000eab00000)
  object space 300032K, 84% used [0x00000000c0000000,0x00000000cf6d8520,0x00000000d2500000)
 Metaspace       used 77487K, committed 78656K, reserved 1179648K
  class space    used 8035K, committed 8512K, reserved 1048576K
}
Event: 269.588 GC heap before
{Heap before GC invocations=167 (full 10):
 PSYoungGen      total 37888K, used 37508K [0x00000000eab00000, 0x00000000edc00000, 0x0000000100000000)
  eden space 34816K, 100% used [0x00000000eab00000,0x00000000ecd00000,0x00000000ecd00000)
  from space 3072K, 87% used [0x00000000ecd80000,0x00000000ed021038,0x00000000ed080000)
  to   space 6656K, 0% used [0x00000000ed580000,0x00000000ed580000,0x00000000edc00000)
 ParOldGen       total 300032K, used 252769K [0x00000000c0000000, 0x00000000d2500000, 0x00000000eab00000)
  object space 300032K, 84% used [0x00000000c0000000,0x00000000cf6d8520,0x00000000d2500000)
 Metaspace       used 77583K, committed 78720K, reserved 1179648K
  class space    used 8035K, committed 8512K, reserved 1048576K
}
Event: 269.596 GC heap after
{Heap after GC invocations=167 (full 10):
 PSYoungGen      total 36864K, used 2212K [0x00000000eab00000, 0x00000000ed800000, 0x0000000100000000)
  eden space 34304K, 0% used [0x00000000eab00000,0x00000000eab00000,0x00000000ecc80000)
  from space 2560K, 86% used [0x00000000ed580000,0x00000000ed7a9018,0x00000000ed800000)
  to   space 3072K, 0% used [0x00000000ed200000,0x00000000ed200000,0x00000000ed500000)
 ParOldGen       total 300032K, used 252777K [0x00000000c0000000, 0x00000000d2500000, 0x00000000eab00000)
  object space 300032K, 84% used [0x00000000c0000000,0x00000000cf6da520,0x00000000d2500000)
 Metaspace       used 77583K, committed 78720K, reserved 1179648K
  class space    used 8035K, committed 8512K, reserved 1048576K
}
Event: 275.911 GC heap before
{Heap before GC invocations=168 (full 10):
 PSYoungGen      total 36864K, used 36516K [0x00000000eab00000, 0x00000000ed800000, 0x0000000100000000)
  eden space 34304K, 100% used [0x00000000eab00000,0x00000000ecc80000,0x00000000ecc80000)
  from space 2560K, 86% used [0x00000000ed580000,0x00000000ed7a9018,0x00000000ed800000)
  to   space 3072K, 0% used [0x00000000ed200000,0x00000000ed200000,0x00000000ed500000)
 ParOldGen       total 300032K, used 252777K [0x00000000c0000000, 0x00000000d2500000, 0x00000000eab00000)
  object space 300032K, 84% used [0x00000000c0000000,0x00000000cf6da520,0x00000000d2500000)
 Metaspace       used 77743K, committed 78976K, reserved 1179648K
  class space    used 8036K, committed 8512K, reserved 1048576K
}
Event: 275.916 GC heap after
{Heap after GC invocations=168 (full 10):
 PSYoungGen      total 36352K, used 2276K [0x00000000eab00000, 0x00000000ed600000, 0x0000000100000000)
  eden space 33792K, 0% used [0x00000000eab00000,0x00000000eab00000,0x00000000ecc00000)
  from space 2560K, 88% used [0x00000000ed200000,0x00000000ed439038,0x00000000ed480000)
  to   space 1536K, 0% used [0x00000000ed480000,0x00000000ed480000,0x00000000ed600000)
 ParOldGen       total 300032K, used 252777K [0x00000000c0000000, 0x00000000d2500000, 0x00000000eab00000)
  object space 300032K, 84% used [0x00000000c0000000,0x00000000cf6da520,0x00000000d2500000)
 Metaspace       used 77743K, committed 78976K, reserved 1179648K
  class space    used 8036K, committed 8512K, reserved 1048576K
}
Event: 279.521 GC heap before
{Heap before GC invocations=169 (full 10):
 PSYoungGen      total 36352K, used 36068K [0x00000000eab00000, 0x00000000ed600000, 0x0000000100000000)
  eden space 33792K, 100% used [0x00000000eab00000,0x00000000ecc00000,0x00000000ecc00000)
  from space 2560K, 88% used [0x00000000ed200000,0x00000000ed439038,0x00000000ed480000)
  to   space 1536K, 0% used [0x00000000ed480000,0x00000000ed480000,0x00000000ed600000)
 ParOldGen       total 300032K, used 252777K [0x00000000c0000000, 0x00000000d2500000, 0x00000000eab00000)
  object space 300032K, 84% used [0x00000000c0000000,0x00000000cf6da520,0x00000000d2500000)
 Metaspace       used 77840K, committed 79104K, reserved 1179648K
  class space    used 8036K, committed 8512K, reserved 1048576K
}
Event: 279.544 GC heap after
{Heap after GC invocations=169 (full 10):
 PSYoungGen      total 30208K, used 1508K [0x00000000eab00000, 0x00000000ee680000, 0x0000000100000000)
  eden space 28672K, 0% used [0x00000000eab00000,0x00000000eab00000,0x00000000ec700000)
  from space 1536K, 98% used [0x00000000ed480000,0x00000000ed5f9018,0x00000000ed600000)
  to   space 13824K, 0% used [0x00000000ec700000,0x00000000ec700000,0x00000000ed480000)
 ParOldGen       total 300032K, used 263129K [0x00000000c0000000, 0x00000000d2500000, 0x00000000eab00000)
  object space 300032K, 87% used [0x00000000c0000000,0x00000000d00f6790,0x00000000d2500000)
 Metaspace       used 77840K, committed 79104K, reserved 1179648K
  class space    used 8036K, committed 8512K, reserved 1048576K
}
Event: 282.603 GC heap before
{Heap before GC invocations=170 (full 10):
 PSYoungGen      total 30208K, used 30180K [0x00000000eab00000, 0x00000000ee680000, 0x0000000100000000)
  eden space 28672K, 100% used [0x00000000eab00000,0x00000000ec700000,0x00000000ec700000)
  from space 1536K, 98% used [0x00000000ed480000,0x00000000ed5f9018,0x00000000ed600000)
  to   space 13824K, 0% used [0x00000000ec700000,0x00000000ec700000,0x00000000ed480000)
 ParOldGen       total 300032K, used 263129K [0x00000000c0000000, 0x00000000d2500000, 0x00000000eab00000)
  object space 300032K, 87% used [0x00000000c0000000,0x00000000d00f6790,0x00000000d2500000)
 Metaspace       used 77949K, committed 79168K, reserved 1179648K
  class space    used 8036K, committed 8512K, reserved 1048576K
}
Event: 282.608 GC heap after
{Heap after GC invocations=170 (full 10):
 PSYoungGen      total 31232K, used 2228K [0x00000000eab00000, 0x00000000ed500000, 0x0000000100000000)
  eden space 28672K, 0% used [0x00000000eab00000,0x00000000eab00000,0x00000000ec700000)
  from space 2560K, 87% used [0x00000000ec700000,0x00000000ec92d048,0x00000000ec980000)
  to   space 6144K, 0% used [0x00000000ecf00000,0x00000000ecf00000,0x00000000ed500000)
 ParOldGen       total 300032K, used 263157K [0x00000000c0000000, 0x00000000d2500000, 0x00000000eab00000)
  object space 300032K, 87% used [0x00000000c0000000,0x00000000d00fd7c0,0x00000000d2500000)
 Metaspace       used 77949K, committed 79168K, reserved 1179648K
  class space    used 8036K, committed 8512K, reserved 1048576K
}

