# JRE version: OpenJDK Runtime Environment Temurin-17.0.8.1+1 (17.0.8.1+1) (build 17.0.8.1+1)
# Java VM: OpenJDK 64-Bit Server VM Temurin-17.0.8.1+1 (17.0.8.1+1, mixed mode, tiered, compressed oops, compressed class ptrs, parallel gc, windows-amd64)
GC Precious Log:
 CPUs: 2 total, 2 available
 Memory: 3918M
 Large Page Support: Disabled
 NUMA Support: Disabled
 Compressed Oops: Enabled (32-bit)
 Alignments: Space 512K, Generation 512K, Heap 2M
 Heap Min Capacity: 100M
 Heap Initial Capacity: 100M
 Heap Max Capacity: 1G
 Pre-touch: Disabled
 Parallel Workers: 2
Heap:
 PSYoungGen      total 5632K, used 2108K [0x00000000eab00000, 0x00000000eb280000, 0x0000000100000000)
  eden space 3584K, 19% used [0x00000000eab00000,0x00000000eabab3c0,0x00000000eae80000)
  from space 2048K, 69% used [0x00000000eb080000,0x00000000eb1e4010,0x00000000eb280000)
  to   space 2048K, 0% used [0x00000000eae80000,0x00000000eae80000,0x00000000eb080000)
 ParOldGen       total 486912K, used 452701K [0x00000000c0000000, 0x00000000ddb80000, 0x00000000eab00000)
  object space 486912K, 92% used [0x00000000c0000000,0x00000000dba177a0,0x00000000ddb80000)
 Metaspace       used 75867K, committed 77120K, reserved 1179648K
  class space    used 7875K, committed 8448K, reserved 1048576K
GC Heap History (20 events):
Event: 325.286 GC heap before
{Heap before GC invocations=314 (full 9):
 PSYoungGen      total 5120K, used 5079K [0x00000000eab00000, 0x00000000eb300000, 0x0000000100000000)
  eden space 3584K, 99% used [0x00000000eab00000,0x00000000eae7fff8,0x00000000eae80000)
  from space 1536K, 97% used [0x00000000eb180000,0x00000000eb2f5dd8,0x00000000eb300000)
  to   space 2048K, 0% used [0x00000000eaf00000,0x00000000eaf00000,0x00000000eb100000)
 ParOldGen       total 486912K, used 452135K [0x00000000c0000000, 0x00000000ddb80000, 0x00000000eab00000)
  object space 486912K, 92% used [0x00000000c0000000,0x00000000db989f78,0x00000000ddb80000)
 Metaspace       used 75655K, committed 76864K, reserved 1179648K
  class space    used 7875K, committed 8448K, reserved 1048576K
}
Event: 325.295 GC heap after
{Heap after GC invocations=314 (full 9):
 PSYoungGen      total 5632K, used 1575K [0x00000000eab00000, 0x00000000eb280000, 0x0000000100000000)
  eden space 3584K, 0% used [0x00000000eab00000,0x00000000eab00000,0x00000000eae80000)
  from space 2048K, 76% used [0x00000000eaf00000,0x00000000eb089dc8,0x00000000eb100000)
  to   space 1536K, 0% used [0x00000000eb100000,0x00000000eb100000,0x00000000eb280000)
 ParOldGen       total 486912K, used 452135K [0x00000000c0000000, 0x00000000ddb80000, 0x00000000eab00000)
  object space 486912K, 92% used [0x00000000c0000000,0x00000000db989f78,0x00000000ddb80000)
 Metaspace       used 75655K, committed 76864K, reserved 1179648K
  class space    used 7875K, committed 8448K, reserved 1048576K
}
Event: 325.474 GC heap before
{Heap before GC invocations=315 (full 9):
 PSYoungGen      total 5632K, used 5159K [0x00000000eab00000, 0x00000000eb280000, 0x0000000100000000)
  eden space 3584K, 99% used [0x00000000eab00000,0x00000000eae7fff8,0x00000000eae80000)
  from space 2048K, 76% used [0x00000000eaf00000,0x00000000eb089dc8,0x00000000eb100000)
  to   space 1536K, 0% used [0x00000000eb100000,0x00000000eb100000,0x00000000eb280000)
 ParOldGen       total 486912K, used 452135K [0x00000000c0000000, 0x00000000ddb80000, 0x00000000eab00000)
  object space 486912K, 92% used [0x00000000c0000000,0x00000000db989f78,0x00000000ddb80000)
 Metaspace       used 75655K, committed 76864K, reserved 1179648K
  class space    used 7875K, committed 8448K, reserved 1048576K
}
Event: 325.481 GC heap after
{Heap after GC invocations=315 (full 9):
 PSYoungGen      total 5120K, used 1511K [0x00000000eab00000, 0x00000000eb280000, 0x0000000100000000)
  eden space 3584K, 0% used [0x00000000eab00000,0x00000000eab00000,0x00000000eae80000)
  from space 1536K, 98% used [0x00000000eb100000,0x00000000eb279dc8,0x00000000eb280000)
  to   space 2048K, 0% used [0x00000000eae80000,0x00000000eae80000,0x00000000eb080000)
 ParOldGen       total 486912K, used 452335K [0x00000000c0000000, 0x00000000ddb80000, 0x00000000eab00000)
  object space 486912K, 92% used [0x00000000c0000000,0x00000000db9bbf98,0x00000000ddb80000)
 Metaspace       used 75655K, committed 76864K, reserved 1179648K
  class space    used 7875K, committed 8448K, reserved 1048576K
}
Event: 325.918 GC heap before
{Heap before GC invocations=316 (full 9):
 PSYoungGen      total 5120K, used 5095K [0x00000000eab00000, 0x00000000eb280000, 0x0000000100000000)
  eden space 3584K, 100% used [0x00000000eab00000,0x00000000eae80000,0x00000000eae80000)
  from space 1536K, 98% used [0x00000000eb100000,0x00000000eb279dc8,0x00000000eb280000)
  to   space 2048K, 0% used [0x00000000eae80000,0x00000000eae80000,0x00000000eb080000)
 ParOldGen       total 486912K, used 452335K [0x00000000c0000000, 0x00000000ddb80000, 0x00000000eab00000)
  object space 486912K, 92% used [0x00000000c0000000,0x00000000db9bbf98,0x00000000ddb80000)
 Metaspace       used 75713K, committed 76864K, reserved 1179648K
  class space    used 7875K, committed 8448K, reserved 1048576K
}
Event: 325.926 GC heap after
{Heap after GC invocations=316 (full 9):
 PSYoungGen      total 5632K, used 1575K [0x00000000eab00000, 0x00000000eb280000, 0x0000000100000000)
  eden space 3584K, 0% used [0x00000000eab00000,0x00000000eab00000,0x00000000eae80000)
  from space 2048K, 76% used [0x00000000eae80000,0x00000000eb009dc8,0x00000000eb080000)
  to   space 2048K, 0% used [0x00000000eb080000,0x00000000eb080000,0x00000000eb280000)
 ParOldGen       total 486912K, used 452510K [0x00000000c0000000, 0x00000000ddb80000, 0x00000000eab00000)
  object space 486912K, 92% used [0x00000000c0000000,0x00000000db9e79d8,0x00000000ddb80000)
 Metaspace       used 75713K, committed 76864K, reserved 1179648K
  class space    used 7875K, committed 8448K, reserved 1048576K
}
Event: 339.831 GC heap before
{Heap before GC invocations=317 (full 9):
 PSYoungGen      total 5632K, used 5159K [0x00000000eab00000, 0x00000000eb280000, 0x0000000100000000)
  eden space 3584K, 100% used [0x00000000eab00000,0x00000000eae80000,0x00000000eae80000)
  from space 2048K, 76% used [0x00000000eae80000,0x00000000eb009dc8,0x00000000eb080000)
  to   space 2048K, 0% used [0x00000000eb080000,0x00000000eb080000,0x00000000eb280000)
 ParOldGen       total 486912K, used 452510K [0x00000000c0000000, 0x00000000ddb80000, 0x00000000eab00000)
  object space 486912K, 92% used [0x00000000c0000000,0x00000000db9e79d8,0x00000000ddb80000)
 Metaspace       used 75720K, committed 76928K, reserved 1179648K
  class space    used 7875K, committed 8448K, reserved 1048576K
}
Event: 339.838 GC heap after
{Heap after GC invocations=317 (full 9):
 PSYoungGen      total 5632K, used 1783K [0x00000000eab00000, 0x00000000eb280000, 0x0000000100000000)
  eden space 3584K, 0% used [0x00000000eab00000,0x00000000eab00000,0x00000000eae80000)
  from space 2048K, 87% used [0x00000000eb080000,0x00000000eb23ddd8,0x00000000eb280000)
  to   space 2048K, 0% used [0x00000000eae80000,0x00000000eae80000,0x00000000eb080000)
 ParOldGen       total 486912K, used 452510K [0x00000000c0000000, 0x00000000ddb80000, 0x00000000eab00000)
  object space 486912K, 92% used [0x00000000c0000000,0x00000000db9e79d8,0x00000000ddb80000)
 Metaspace       used 75720K, committed 76928K, reserved 1179648K
  class space    used 7875K, committed 8448K, reserved 1048576K
}
Event: 340.025 GC heap before
{Heap before GC invocations=318 (full 9):
 PSYoungGen      total 5632K, used 5367K [0x00000000eab00000, 0x00000000eb280000, 0x0000000100000000)
  eden space 3584K, 99% used [0x00000000eab00000,0x00000000eae7ffb8,0x00000000eae80000)
  from space 2048K, 87% used [0x00000000eb080000,0x00000000eb23ddd8,0x00000000eb280000)
  to   space 2048K, 0% used [0x00000000eae80000,0x00000000eae80000,0x00000000eb080000)
 ParOldGen       total 486912K, used 452510K [0x00000000c0000000, 0x00000000ddb80000, 0x00000000eab00000)
  object space 486912K, 92% used [0x00000000c0000000,0x00000000db9e79d8,0x00000000ddb80000)
 Metaspace       used 75724K, committed 76992K, reserved 1179648K
  class space    used 7875K, committed 8448K, reserved 1048576K
}
Event: 340.034 GC heap after
{Heap after GC invocations=318 (full 9):
 PSYoungGen      total 5632K, used 1879K [0x00000000eab00000, 0x00000000eb280000, 0x0000000100000000)
  eden space 3584K, 0% used [0x00000000eab00000,0x00000000eab00000,0x00000000eae80000)
  from space 2048K, 91% used [0x00000000eae80000,0x00000000eb055dd8,0x00000000eb080000)
  to   space 2048K, 0% used [0x00000000eb080000,0x00000000eb080000,0x00000000eb280000)
 ParOldGen       total 486912K, used 452518K [0x00000000c0000000, 0x00000000ddb80000, 0x00000000eab00000)
  object space 486912K, 92% used [0x00000000c0000000,0x00000000db9e99d8,0x00000000ddb80000)
 Metaspace       used 75724K, committed 76992K, reserved 1179648K
  class space    used 7875K, committed 8448K, reserved 1048576K
}
Event: 411.074 GC heap before
{Heap before GC invocations=319 (full 9):
 PSYoungGen      total 5632K, used 5463K [0x00000000eab00000, 0x00000000eb280000, 0x0000000100000000)
  eden space 3584K, 100% used [0x00000000eab00000,0x00000000eae80000,0x00000000eae80000)
  from space 2048K, 91% used [0x00000000eae80000,0x00000000eb055dd8,0x00000000eb080000)
  to   space 2048K, 0% used [0x00000000eb080000,0x00000000eb080000,0x00000000eb280000)
 ParOldGen       total 486912K, used 452518K [0x00000000c0000000, 0x00000000ddb80000, 0x00000000eab00000)
  object space 486912K, 92% used [0x00000000c0000000,0x00000000db9e99d8,0x00000000ddb80000)
 Metaspace       used 75810K, committed 77056K, reserved 1179648K
  class space    used 7875K, committed 8448K, reserved 1048576K
}
Event: 411.091 GC heap after
{Heap after GC invocations=319 (full 9):
 PSYoungGen      total 5632K, used 1575K [0x00000000eab00000, 0x00000000eb280000, 0x0000000100000000)
  eden space 3584K, 0% used [0x00000000eab00000,0x00000000eab00000,0x00000000eae80000)
  from space 2048K, 76% used [0x00000000eb080000,0x00000000eb209dc8,0x00000000eb280000)
  to   space 2048K, 0% used [0x00000000eae80000,0x00000000eae80000,0x00000000eb080000)
 ParOldGen       total 486912K, used 452526K [0x00000000c0000000, 0x00000000ddb80000, 0x00000000eab00000)
  object space 486912K, 92% used [0x00000000c0000000,0x00000000db9eb9d8,0x00000000ddb80000)
 Metaspace       used 75810K, committed 77056K, reserved 1179648K
  class space    used 7875K, committed 8448K, reserved 1048576K
}
Event: 411.238 GC heap before
{Heap before GC invocations=320 (full 9):
 PSYoungGen      total 5632K, used 5159K [0x00000000eab00000, 0x00000000eb280000, 0x0000000100000000)
  eden space 3584K, 100% used [0x00000000eab00000,0x00000000eae80000,0x00000000eae80000)
  from space 2048K, 76% used [0x00000000eb080000,0x00000000eb209dc8,0x00000000eb280000)
  to   space 2048K, 0% used [0x00000000eae80000,0x00000000eae80000,0x00000000eb080000)
 ParOldGen       total 486912K, used 452526K [0x00000000c0000000, 0x00000000ddb80000, 0x00000000eab00000)
  object space 486912K, 92% used [0x00000000c0000000,0x00000000db9eb9d8,0x00000000ddb80000)
 Metaspace       used 75815K, committed 77056K, reserved 1179648K
  class space    used 7875K, committed 8448K, reserved 1048576K
}
Event: 411.247 GC heap after
{Heap after GC invocations=320 (full 9):
 PSYoungGen      total 5632K, used 1847K [0x00000000eab00000, 0x00000000eb280000, 0x0000000100000000)
  eden space 3584K, 0% used [0x00000000eab00000,0x00000000eab00000,0x00000000eae80000)
  from space 2048K, 90% used [0x00000000eae80000,0x00000000eb04ddd8,0x00000000eb080000)
  to   space 2048K, 0% used [0x00000000eb080000,0x00000000eb080000,0x00000000eb280000)
 ParOldGen       total 486912K, used 452526K [0x00000000c0000000, 0x00000000ddb80000, 0x00000000eab00000)
  object space 486912K, 92% used [0x00000000c0000000,0x00000000db9eb9d8,0x00000000ddb80000)
 Metaspace       used 75815K, committed 77056K, reserved 1179648K
  class space    used 7875K, committed 8448K, reserved 1048576K
}
Event: 414.951 GC heap before
{Heap before GC invocations=321 (full 9):
 PSYoungGen      total 5632K, used 5428K [0x00000000eab00000, 0x00000000eb280000, 0x0000000100000000)
  eden space 3584K, 99% used [0x00000000eab00000,0x00000000eae7f5b8,0x00000000eae80000)
  from space 2048K, 90% used [0x00000000eae80000,0x00000000eb04ddd8,0x00000000eb080000)
  to   space 2048K, 0% used [0x00000000eb080000,0x00000000eb080000,0x00000000eb280000)
 ParOldGen       total 486912K, used 452526K [0x00000000c0000000, 0x00000000ddb80000, 0x00000000eab00000)
  object space 486912K, 92% used [0x00000000c0000000,0x00000000db9eb9d8,0x00000000ddb80000)
 Metaspace       used 75834K, committed 77056K, reserved 1179648K
  class space    used 7875K, committed 8448K, reserved 1048576K
}
Event: 414.960 GC heap after
{Heap after GC invocations=321 (full 9):
 PSYoungGen      total 5632K, used 1575K [0x00000000eab00000, 0x00000000eb280000, 0x0000000100000000)
  eden space 3584K, 0% used [0x00000000eab00000,0x00000000eab00000,0x00000000eae80000)
  from space 2048K, 76% used [0x00000000eb080000,0x00000000eb209dc8,0x00000000eb280000)
  to   space 2048K, 0% used [0x00000000eae80000,0x00000000eae80000,0x00000000eb080000)
 ParOldGen       total 486912K, used 452526K [0x00000000c0000000, 0x00000000ddb80000, 0x00000000eab00000)
  object space 486912K, 92% used [0x00000000c0000000,0x00000000db9eb9d8,0x00000000ddb80000)
 Metaspace       used 75834K, committed 77056K, reserved 1179648K
  class space    used 7875K, committed 8448K, reserved 1048576K
}
Event: 415.071 GC heap before
{Heap before GC invocations=322 (full 9):
 PSYoungGen      total 5632K, used 5159K [0x00000000eab00000, 0x00000000eb280000, 0x0000000100000000)
  eden space 3584K, 100% used [0x00000000eab00000,0x00000000eae80000,0x00000000eae80000)
  from space 2048K, 76% used [0x00000000eb080000,0x00000000eb209dc8,0x00000000eb280000)
  to   space 2048K, 0% used [0x00000000eae80000,0x00000000eae80000,0x00000000eb080000)
 ParOldGen       total 486912K, used 452526K [0x00000000c0000000, 0x00000000ddb80000, 0x00000000eab00000)
  object space 486912K, 92% used [0x00000000c0000000,0x00000000db9eb9d8,0x00000000ddb80000)
 Metaspace       used 75866K, committed 77120K, reserved 1179648K
  class space    used 7875K, committed 8448K, reserved 1048576K
}
Event: 415.080 GC heap after
{Heap after GC invocations=322 (full 9):
 PSYoungGen      total 5632K, used 1863K [0x00000000eab00000, 0x00000000eb280000, 0x0000000100000000)
  eden space 3584K, 0% used [0x00000000eab00000,0x00000000eab00000,0x00000000eae80000)
  from space 2048K, 90% used [0x00000000eae80000,0x00000000eb051dc8,0x00000000eb080000)
  to   space 2048K, 0% used [0x00000000eb080000,0x00000000eb080000,0x00000000eb280000)
 ParOldGen       total 486912K, used 452526K [0x00000000c0000000, 0x00000000ddb80000, 0x00000000eab00000)
  object space 486912K, 92% used [0x00000000c0000000,0x00000000db9eb9d8,0x00000000ddb80000)
 Metaspace       used 75866K, committed 77120K, reserved 1179648K
  class space    used 7875K, committed 8448K, reserved 1048576K
}
Event: 415.283 GC heap before
{Heap before GC invocations=323 (full 9):
 PSYoungGen      total 5632K, used 5447K [0x00000000eab00000, 0x00000000eb280000, 0x0000000100000000)
  eden space 3584K, 100% used [0x00000000eab00000,0x00000000eae80000,0x00000000eae80000)
  from space 2048K, 90% used [0x00000000eae80000,0x00000000eb051dc8,0x00000000eb080000)
  to   space 2048K, 0% used [0x00000000eb080000,0x00000000eb080000,0x00000000eb280000)
 ParOldGen       total 486912K, used 452526K [0x00000000c0000000, 0x00000000ddb80000, 0x00000000eab00000)
  object space 486912K, 92% used [0x00000000c0000000,0x00000000db9eb9d8,0x00000000ddb80000)
 Metaspace       used 75867K, committed 77120K, reserved 1179648K
  class space    used 7875K, committed 8448K, reserved 1048576K
}
Event: 415.292 GC heap after
{Heap after GC invocations=323 (full 9):
 PSYoungGen      total 5632K, used 1424K [0x00000000eab00000, 0x00000000eb280000, 0x0000000100000000)
  eden space 3584K, 0% used [0x00000000eab00000,0x00000000eab00000,0x00000000eae80000)
  from space 2048K, 69% used [0x00000000eb080000,0x00000000eb1e4010,0x00000000eb280000)
  to   space 2048K, 0% used [0x00000000eae80000,0x00000000eae80000,0x00000000eb080000)
 ParOldGen       total 486912K, used 452701K [0x00000000c0000000, 0x00000000ddb80000, 0x00000000eab00000)
  object space 486912K, 92% used [0x00000000c0000000,0x00000000dba177a0,0x00000000ddb80000)
 Metaspace       used 75867K, committed 77120K, reserved 1179648K
  class space    used 7875K, committed 8448K, reserved 1048576K
}

