# JRE version: OpenJDK Runtime Environment Temurin-17.0.8.1+1 (17.0.8.1+1) (build 17.0.8.1+1)
# Java VM: OpenJDK 64-Bit Server VM Temurin-17.0.8.1+1 (17.0.8.1+1, mixed mode, tiered, compressed oops, compressed class ptrs, parallel gc, windows-amd64)
GC Precious Log:
 CPUs: 2 total, 2 available
 Memory: 3918M
 Large Page Support: Disabled
 NUMA Support: Disabled
 Compressed Oops: Enabled (32-bit)
 Alignments: Space 512K, Generation 512K, Heap 2M
 Heap Min Capacity: 100M
 Heap Initial Capacity: 100M
 Heap Max Capacity: 1G
 Pre-touch: Disabled
 Parallel Workers: 2
Heap:
 PSYoungGen      total 9216K, used 1014K [0x00000000eab00000, 0x00000000eb600000, 0x0000000100000000)
  eden space 7680K, 0% used [0x00000000eab00000,0x00000000eab018c0,0x00000000eb280000)
  from space 1536K, 65% used [0x00000000eb400000,0x00000000eb4fc010,0x00000000eb580000)
  to   space 1536K, 0% used [0x00000000eb280000,0x00000000eb280000,0x00000000eb400000)
 ParOldGen       total 699392K, used 216221K [0x00000000c0000000, 0x00000000eab00000, 0x00000000eab00000)
  object space 699392K, 30% used [0x00000000c0000000,0x00000000cd3277d8,0x00000000eab00000)
 Metaspace       used 72927K, committed 74240K, reserved 1179648K
  class space    used 7814K, committed 8384K, reserved 1048576K
GC Heap History (20 events):
Event: 391.547 GC heap before
{Heap before GC invocations=739 (full 629):
 PSYoungGen      total 9216K, used 7679K [0x00000000eab00000, 0x00000000eb600000, 0x0000000100000000)
  eden space 7680K, 99% used [0x00000000eab00000,0x00000000eb27ffe8,0x00000000eb280000)
  from space 1536K, 0% used [0x00000000eb280000,0x00000000eb280000,0x00000000eb400000)
  to   space 1536K, 0% used [0x00000000eb400000,0x00000000eb400000,0x00000000eb580000)
 ParOldGen       total 208384K, used 208291K [0x00000000c0000000, 0x00000000ccb80000, 0x00000000eab00000)
  object space 208384K, 99% used [0x00000000c0000000,0x00000000ccb68e58,0x00000000ccb80000)
 Metaspace       used 72884K, committed 74240K, reserved 1179648K
  class space    used 7809K, committed 8384K, reserved 1048576K
}
Event: 392.129 GC heap after
{Heap after GC invocations=739 (full 629):
 PSYoungGen      total 9216K, used 7677K [0x00000000eab00000, 0x00000000eb600000, 0x0000000100000000)
  eden space 7680K, 99% used [0x00000000eab00000,0x00000000eb27f588,0x00000000eb280000)
  from space 1536K, 0% used [0x00000000eb400000,0x00000000eb400000,0x00000000eb580000)
  to   space 1536K, 0% used [0x00000000eb280000,0x00000000eb280000,0x00000000eb400000)
 ParOldGen       total 208384K, used 208291K [0x00000000c0000000, 0x00000000ccb80000, 0x00000000eab00000)
  object space 208384K, 99% used [0x00000000c0000000,0x00000000ccb68e58,0x00000000ccb80000)
 Metaspace       used 72884K, committed 74240K, reserved 1179648K
  class space    used 7809K, committed 8384K, reserved 1048576K
}
Event: 392.130 GC heap before
{Heap before GC invocations=740 (full 630):
 PSYoungGen      total 9216K, used 7680K [0x00000000eab00000, 0x00000000eb600000, 0x0000000100000000)
  eden space 7680K, 100% used [0x00000000eab00000,0x00000000eb280000,0x00000000eb280000)
  from space 1536K, 0% used [0x00000000eb400000,0x00000000eb400000,0x00000000eb580000)
  to   space 1536K, 0% used [0x00000000eb280000,0x00000000eb280000,0x00000000eb400000)
 ParOldGen       total 208384K, used 208291K [0x00000000c0000000, 0x00000000ccb80000, 0x00000000eab00000)
  object space 208384K, 99% used [0x00000000c0000000,0x00000000ccb68e58,0x00000000ccb80000)
 Metaspace       used 72884K, committed 74240K, reserved 1179648K
  class space    used 7809K, committed 8384K, reserved 1048576K
}
Event: 393.500 GC heap after
{Heap after GC invocations=740 (full 630):
 PSYoungGen      total 9216K, used 7677K [0x00000000eab00000, 0x00000000eb600000, 0x0000000100000000)
  eden space 7680K, 99% used [0x00000000eab00000,0x00000000eb27f518,0x00000000eb280000)
  from space 1536K, 0% used [0x00000000eb280000,0x00000000eb280000,0x00000000eb400000)
  to   space 1536K, 0% used [0x00000000eb400000,0x00000000eb400000,0x00000000eb580000)
 ParOldGen       total 208384K, used 208291K [0x00000000c0000000, 0x00000000ccb80000, 0x00000000eab00000)
  object space 208384K, 99% used [0x00000000c0000000,0x00000000ccb68e58,0x00000000ccb80000)
 Metaspace       used 72884K, committed 74240K, reserved 1179648K
  class space    used 7809K, committed 8384K, reserved 1048576K
}
Event: 393.505 GC heap before
{Heap before GC invocations=741 (full 631):
 PSYoungGen      total 9216K, used 7679K [0x00000000eab00000, 0x00000000eb600000, 0x0000000100000000)
  eden space 7680K, 99% used [0x00000000eab00000,0x00000000eb27ffe8,0x00000000eb280000)
  from space 1536K, 0% used [0x00000000eb280000,0x00000000eb280000,0x00000000eb400000)
  to   space 1536K, 0% used [0x00000000eb400000,0x00000000eb400000,0x00000000eb580000)
 ParOldGen       total 208384K, used 208291K [0x00000000c0000000, 0x00000000ccb80000, 0x00000000eab00000)
  object space 208384K, 99% used [0x00000000c0000000,0x00000000ccb68e58,0x00000000ccb80000)
 Metaspace       used 72884K, committed 74240K, reserved 1179648K
  class space    used 7809K, committed 8384K, reserved 1048576K
}
Event: 394.561 GC heap after
{Heap after GC invocations=741 (full 631):
 PSYoungGen      total 9216K, used 7677K [0x00000000eab00000, 0x00000000eb600000, 0x0000000100000000)
  eden space 7680K, 99% used [0x00000000eab00000,0x00000000eb27f588,0x00000000eb280000)
  from space 1536K, 0% used [0x00000000eb400000,0x00000000eb400000,0x00000000eb580000)
  to   space 1536K, 0% used [0x00000000eb280000,0x00000000eb280000,0x00000000eb400000)
 ParOldGen       total 208384K, used 208291K [0x00000000c0000000, 0x00000000ccb80000, 0x00000000eab00000)
  object space 208384K, 99% used [0x00000000c0000000,0x00000000ccb68e58,0x00000000ccb80000)
 Metaspace       used 72884K, committed 74240K, reserved 1179648K
  class space    used 7809K, committed 8384K, reserved 1048576K
}
Event: 394.561 GC heap before
{Heap before GC invocations=742 (full 632):
 PSYoungGen      total 9216K, used 7680K [0x00000000eab00000, 0x00000000eb600000, 0x0000000100000000)
  eden space 7680K, 100% used [0x00000000eab00000,0x00000000eb280000,0x00000000eb280000)
  from space 1536K, 0% used [0x00000000eb400000,0x00000000eb400000,0x00000000eb580000)
  to   space 1536K, 0% used [0x00000000eb280000,0x00000000eb280000,0x00000000eb400000)
 ParOldGen       total 208384K, used 208291K [0x00000000c0000000, 0x00000000ccb80000, 0x00000000eab00000)
  object space 208384K, 99% used [0x00000000c0000000,0x00000000ccb68e58,0x00000000ccb80000)
 Metaspace       used 72884K, committed 74240K, reserved 1179648K
  class space    used 7809K, committed 8384K, reserved 1048576K
}
Event: 395.208 GC heap after
{Heap after GC invocations=742 (full 632):
 PSYoungGen      total 9216K, used 7677K [0x00000000eab00000, 0x00000000eb600000, 0x0000000100000000)
  eden space 7680K, 99% used [0x00000000eab00000,0x00000000eb27f518,0x00000000eb280000)
  from space 1536K, 0% used [0x00000000eb280000,0x00000000eb280000,0x00000000eb400000)
  to   space 1536K, 0% used [0x00000000eb400000,0x00000000eb400000,0x00000000eb580000)
 ParOldGen       total 208384K, used 208291K [0x00000000c0000000, 0x00000000ccb80000, 0x00000000eab00000)
  object space 208384K, 99% used [0x00000000c0000000,0x00000000ccb68e58,0x00000000ccb80000)
 Metaspace       used 72884K, committed 74240K, reserved 1179648K
  class space    used 7809K, committed 8384K, reserved 1048576K
}
Event: 395.209 GC heap before
{Heap before GC invocations=743 (full 633):
 PSYoungGen      total 9216K, used 7679K [0x00000000eab00000, 0x00000000eb600000, 0x0000000100000000)
  eden space 7680K, 99% used [0x00000000eab00000,0x00000000eb27fff0,0x00000000eb280000)
  from space 1536K, 0% used [0x00000000eb280000,0x00000000eb280000,0x00000000eb400000)
  to   space 1536K, 0% used [0x00000000eb400000,0x00000000eb400000,0x00000000eb580000)
 ParOldGen       total 208384K, used 208291K [0x00000000c0000000, 0x00000000ccb80000, 0x00000000eab00000)
  object space 208384K, 99% used [0x00000000c0000000,0x00000000ccb68e58,0x00000000ccb80000)
 Metaspace       used 72884K, committed 74240K, reserved 1179648K
  class space    used 7809K, committed 8384K, reserved 1048576K
}
Event: 395.834 GC heap after
{Heap after GC invocations=743 (full 633):
 PSYoungGen      total 9216K, used 7677K [0x00000000eab00000, 0x00000000eb600000, 0x0000000100000000)
  eden space 7680K, 99% used [0x00000000eab00000,0x00000000eb27f568,0x00000000eb280000)
  from space 1536K, 0% used [0x00000000eb400000,0x00000000eb400000,0x00000000eb580000)
  to   space 1536K, 0% used [0x00000000eb280000,0x00000000eb280000,0x00000000eb400000)
 ParOldGen       total 208384K, used 208291K [0x00000000c0000000, 0x00000000ccb80000, 0x00000000eab00000)
  object space 208384K, 99% used [0x00000000c0000000,0x00000000ccb68e58,0x00000000ccb80000)
 Metaspace       used 72884K, committed 74240K, reserved 1179648K
  class space    used 7809K, committed 8384K, reserved 1048576K
}
Event: 395.834 GC heap before
{Heap before GC invocations=744 (full 634):
 PSYoungGen      total 9216K, used 7680K [0x00000000eab00000, 0x00000000eb600000, 0x0000000100000000)
  eden space 7680K, 100% used [0x00000000eab00000,0x00000000eb280000,0x00000000eb280000)
  from space 1536K, 0% used [0x00000000eb400000,0x00000000eb400000,0x00000000eb580000)
  to   space 1536K, 0% used [0x00000000eb280000,0x00000000eb280000,0x00000000eb400000)
 ParOldGen       total 208384K, used 208291K [0x00000000c0000000, 0x00000000ccb80000, 0x00000000eab00000)
  object space 208384K, 99% used [0x00000000c0000000,0x00000000ccb68e58,0x00000000ccb80000)
 Metaspace       used 72884K, committed 74240K, reserved 1179648K
  class space    used 7809K, committed 8384K, reserved 1048576K
}
Event: 396.624 GC heap after
{Heap after GC invocations=744 (full 634):
 PSYoungGen      total 9216K, used 7677K [0x00000000eab00000, 0x00000000eb600000, 0x0000000100000000)
  eden space 7680K, 99% used [0x00000000eab00000,0x00000000eb27f5a0,0x00000000eb280000)
  from space 1536K, 0% used [0x00000000eb280000,0x00000000eb280000,0x00000000eb400000)
  to   space 1536K, 0% used [0x00000000eb400000,0x00000000eb400000,0x00000000eb580000)
 ParOldGen       total 208384K, used 208291K [0x00000000c0000000, 0x00000000ccb80000, 0x00000000eab00000)
  object space 208384K, 99% used [0x00000000c0000000,0x00000000ccb68e58,0x00000000ccb80000)
 Metaspace       used 72884K, committed 74240K, reserved 1179648K
  class space    used 7809K, committed 8384K, reserved 1048576K
}
Event: 396.624 GC heap before
{Heap before GC invocations=745 (full 635):
 PSYoungGen      total 9216K, used 7680K [0x00000000eab00000, 0x00000000eb600000, 0x0000000100000000)
  eden space 7680K, 100% used [0x00000000eab00000,0x00000000eb280000,0x00000000eb280000)
  from space 1536K, 0% used [0x00000000eb280000,0x00000000eb280000,0x00000000eb400000)
  to   space 1536K, 0% used [0x00000000eb400000,0x00000000eb400000,0x00000000eb580000)
 ParOldGen       total 208384K, used 208291K [0x00000000c0000000, 0x00000000ccb80000, 0x00000000eab00000)
  object space 208384K, 99% used [0x00000000c0000000,0x00000000ccb68e58,0x00000000ccb80000)
 Metaspace       used 72884K, committed 74240K, reserved 1179648K
  class space    used 7809K, committed 8384K, reserved 1048576K
}
Event: 397.290 GC heap after
{Heap after GC invocations=745 (full 635):
 PSYoungGen      total 9216K, used 7677K [0x00000000eab00000, 0x00000000eb600000, 0x0000000100000000)
  eden space 7680K, 99% used [0x00000000eab00000,0x00000000eb27f5b8,0x00000000eb280000)
  from space 1536K, 0% used [0x00000000eb400000,0x00000000eb400000,0x00000000eb580000)
  to   space 1536K, 0% used [0x00000000eb280000,0x00000000eb280000,0x00000000eb400000)
 ParOldGen       total 208384K, used 208291K [0x00000000c0000000, 0x00000000ccb80000, 0x00000000eab00000)
  object space 208384K, 99% used [0x00000000c0000000,0x00000000ccb68e58,0x00000000ccb80000)
 Metaspace       used 72884K, committed 74240K, reserved 1179648K
  class space    used 7809K, committed 8384K, reserved 1048576K
}
Event: 397.291 GC heap before
{Heap before GC invocations=746 (full 636):
 PSYoungGen      total 9216K, used 7680K [0x00000000eab00000, 0x00000000eb600000, 0x0000000100000000)
  eden space 7680K, 100% used [0x00000000eab00000,0x00000000eb280000,0x00000000eb280000)
  from space 1536K, 0% used [0x00000000eb400000,0x00000000eb400000,0x00000000eb580000)
  to   space 1536K, 0% used [0x00000000eb280000,0x00000000eb280000,0x00000000eb400000)
 ParOldGen       total 208384K, used 208291K [0x00000000c0000000, 0x00000000ccb80000, 0x00000000eab00000)
  object space 208384K, 99% used [0x00000000c0000000,0x00000000ccb68e58,0x00000000ccb80000)
 Metaspace       used 72884K, committed 74240K, reserved 1179648K
  class space    used 7809K, committed 8384K, reserved 1048576K
}
Event: 398.093 GC heap after
{Heap after GC invocations=746 (full 636):
 PSYoungGen      total 9216K, used 7677K [0x00000000eab00000, 0x00000000eb600000, 0x0000000100000000)
  eden space 7680K, 99% used [0x00000000eab00000,0x00000000eb27f5d0,0x00000000eb280000)
  from space 1536K, 0% used [0x00000000eb280000,0x00000000eb280000,0x00000000eb400000)
  to   space 1536K, 0% used [0x00000000eb400000,0x00000000eb400000,0x00000000eb580000)
 ParOldGen       total 208384K, used 208291K [0x00000000c0000000, 0x00000000ccb80000, 0x00000000eab00000)
  object space 208384K, 99% used [0x00000000c0000000,0x00000000ccb68e58,0x00000000ccb80000)
 Metaspace       used 72884K, committed 74240K, reserved 1179648K
  class space    used 7809K, committed 8384K, reserved 1048576K
}
Event: 398.094 GC heap before
{Heap before GC invocations=747 (full 637):
 PSYoungGen      total 9216K, used 7680K [0x00000000eab00000, 0x00000000eb600000, 0x0000000100000000)
  eden space 7680K, 100% used [0x00000000eab00000,0x00000000eb280000,0x00000000eb280000)
  from space 1536K, 0% used [0x00000000eb280000,0x00000000eb280000,0x00000000eb400000)
  to   space 1536K, 0% used [0x00000000eb400000,0x00000000eb400000,0x00000000eb580000)
 ParOldGen       total 208384K, used 208291K [0x00000000c0000000, 0x00000000ccb80000, 0x00000000eab00000)
  object space 208384K, 99% used [0x00000000c0000000,0x00000000ccb68e58,0x00000000ccb80000)
 Metaspace       used 72884K, committed 74240K, reserved 1179648K
  class space    used 7809K, committed 8384K, reserved 1048576K
}
Event: 399.087 GC heap after
{Heap after GC invocations=747 (full 637):
 PSYoungGen      total 9216K, used 7677K [0x00000000eab00000, 0x00000000eb600000, 0x0000000100000000)
  eden space 7680K, 99% used [0x00000000eab00000,0x00000000eb27f5f0,0x00000000eb280000)
  from space 1536K, 0% used [0x00000000eb400000,0x00000000eb400000,0x00000000eb580000)
  to   space 1536K, 0% used [0x00000000eb280000,0x00000000eb280000,0x00000000eb400000)
 ParOldGen       total 699392K, used 208291K [0x00000000c0000000, 0x00000000eab00000, 0x00000000eab00000)
  object space 699392K, 29% used [0x00000000c0000000,0x00000000ccb68e58,0x00000000eab00000)
 Metaspace       used 72884K, committed 74240K, reserved 1179648K
  class space    used 7809K, committed 8384K, reserved 1048576K
}
Event: 399.090 GC heap before
{Heap before GC invocations=748 (full 637):
 PSYoungGen      total 9216K, used 7680K [0x00000000eab00000, 0x00000000eb600000, 0x0000000100000000)
  eden space 7680K, 100% used [0x00000000eab00000,0x00000000eb280000,0x00000000eb280000)
  from space 1536K, 0% used [0x00000000eb400000,0x00000000eb400000,0x00000000eb580000)
  to   space 1536K, 0% used [0x00000000eb280000,0x00000000eb280000,0x00000000eb400000)
 ParOldGen       total 699392K, used 208291K [0x00000000c0000000, 0x00000000eab00000, 0x00000000eab00000)
  object space 699392K, 29% used [0x00000000c0000000,0x00000000ccb68e58,0x00000000eab00000)
 Metaspace       used 72884K, committed 74240K, reserved 1179648K
  class space    used 7809K, committed 8384K, reserved 1048576K
}
Event: 399.505 GC heap after
{Heap after GC invocations=748 (full 637):
 PSYoungGen      total 9216K, used 1504K [0x00000000eab00000, 0x00000000eb600000, 0x0000000100000000)
  eden space 7680K, 0% used [0x00000000eab00000,0x00000000eab00000,0x00000000eb280000)
  from space 1536K, 97% used [0x00000000eb280000,0x00000000eb3f8328,0x00000000eb400000)
  to   space 1536K, 0% used [0x00000000eb400000,0x00000000eb400000,0x00000000eb580000)
 ParOldGen       total 699392K, used 214690K [0x00000000c0000000, 0x00000000eab00000, 0x00000000eab00000)
  object space 699392K, 30% used [0x00000000c0000000,0x00000000cd1a8938,0x00000000eab00000)
 Metaspace       used 72884K, committed 74240K, reserved 1179648K
  class space    used 7809K, committed 8384K, reserved 1048576K
}

